1	0	2057816617_18448093d0_n.jpg
2	0	15760153042_a2a90e9da5_m.jpg
3	0	18711159980_11d3bd5042.jpg
4	0	162362896_99c7d851c8_n.jpg
5	0	25360380_1a881a5648.jpg
6	0	3483303007_42e3f90da7.jpg
7	0	3275951182_d27921af97_n.jpg
8	0	34696729796_190b1dfdf1_n.jpg
9	0	5434901893_4550be3f84_m.jpg
10	0	33871813063_d7b6bedafe_n.jpg
11	0	8489463746_a9839bf7e4.jpg
12	0	7188513571_c8527b123a_n.jpg
13	0	2213954589_c7da4b1486.jpg
14	0	33859244503_eeeca6a397_n.jpg
15	0	5904946193_bd1eb1f39d_n.jpg
16	0	34571214621_f655295459_n.jpg
17	0	9094631844_1a6abca29e.jpg
18	0	6596277835_9f86da54bb.jpg
19	0	8740807508_0587f5b7b7.jpg
20	0	3337643329_accc9b5426.jpg
21	0	18622672908_eab6dc9140_n.jpg
22	0	2408024540_37f0be7cc0_n.jpg
23	0	33822751084_c83a7abffd_n.jpg
24	0	100080576_f52e8ee070_n.jpg
25	0	2612704455_efce1c2144_m.jpg
26	0	5981645737_29eceac291_m.jpg
27	0	15029936576_8d6f96c72c_n.jpg
28	0	34585331601_837dbe5254_n.jpg
29	0	4117918318_3c8935289b_m.jpg
30	0	5673728_71b8cb57eb.jpg
31	1	7683456068_02644b8382_m.jpg
32	1	9216323421_f737c1d50e.jpg
33	1	5694090698_1f0c218250_n.jpg
34	1	7551637034_55ae047756_n.jpg
35	1	4644336779_acd973528c.jpg
36	1	8032328803_30afac8b07_m.jpg
37	1	26811158051_8f264eea6b_n.jpg
38	1	7304710956_015b41f802_m.jpg
39	1	8671682526_7058143c99.jpg
40	1	5487945052_bcb8e9fc8b_m.jpg
41	1	31050510212_73d570592a_n.jpg
42	1	5602220566_5cdde8fa6c_n.jpg
43	1	2273917656_6d6c038283.jpg
44	1	17869839663_1445f1efd0_n.jpg
45	1	1445228333_59a07e0801.jpg
46	1	6108118824_5b0231a56d.jpg
47	1	5002456992_4da0df247a_n.jpg
48	1	3621011057_0d03bd171b_n.jpg
49	1	2065522422_cfdd80044a_n.jpg
50	1	7481119854_b4bb358f0b_n.jpg
51	1	5693489465_2d0b2e4eb2_n.jpg
52	1	2414954629_3708a1a04d.jpg
53	1	3872230296_6c477309f3_n.jpg
54	1	2197754124_5c8a146761_n.jpg
55	1	16424992340_c1d9eb72b4.jpg
56	1	5002458392_f465ed905e_n.jpg
57	1	12338444334_72fcc2fc58_m.jpg
58	1	5182167964_9d1a0be0b8_n.jpg
59	1	5693492187_dc46424be3_n.jpg
60	1	6347846687_3f0a7c3176.jpg
61	2	8681420404_6ae114f036_n.jpg
62	2	493696003_f93ffb3abd_n.jpg
63	2	14060367700_fe87e99b6a_m.jpg
64	2	7249354462_21925f7d95_n.jpg
65	2	7165651120_2279ebf6d1.jpg
66	2	4574736702_b15ecf97d0_m.jpg
67	2	14171812905_8b81d50eb9_n.jpg
68	2	14886860069_b84665a073.jpg
69	2	8642679391_0805b147cb_m.jpg
70	2	33852722714_496828f866_n.jpg
71	2	3857059749_fe8ca621a9.jpg
72	2	7808545612_546cfca610_m.jpg
73	2	8979087213_28f572174c.jpg
74	2	8733226215_161309f8ec.jpg
75	2	14396023703_11c5dd35a9.jpg
76	2	4573886524_5161482ca7_n.jpg
77	2	2480853696_aacdbb5324.jpg
78	2	5725836812_a7d1c5540d_m.jpg
79	2	3419176626_512811d3ff.jpg
80	2	34582964591_dc9f160fce_n.jpg
81	2	2465442759_d4532a57a3.jpg
82	2	8684108_a85764b22d_n.jpg
83	2	8181477_8cb77d2e0f_n.jpg
84	2	8497389500_45636fdd14.jpg
85	2	7280227122_7ea2bef7f4_n.jpg
86	2	5643666851_dc3f42399d_m.jpg
87	2	15821571649_06c4b9a868_n.jpg
88	2	506659320_6fac46551e.jpg
89	2	12094442595_297494dba4_m.jpg
90	2	33980437760_60f3ceaf03_n.jpg
